#--------------------------------------------------
DExists: ~/tmp: (mkdir -p ~/tmp;cd ~/tmp;cp -r ~/a .)
OK: (mkdir -p ~/tmp;cd ~/tmp;cp -r ~/a .)
OK: (mkdir -p ~/tmp;cd ~/tmp;cp -r ~/a .)
DNE   : ~/tmp : (mkdir -p ~/tmp;cd ~/tmp;cp -r ~/a .)
OK: (mkdir -p ~/tmp;cd ~/tmp;cp -r ~/a .)
OK: (mkdir -p ~/tmp;cd ~/tmp;cp -r ~/a .)
#--------------------------------------------------
#--------------------------------------------------
DExists: ~/tmp: rsync -a ~/a localhost:~/tmp
OK: rsync -a ~/a localhost:~/tmp
OK: rsync -a ~/a localhost:~/tmp
DNE   : ~/tmp : rsync -a ~/a localhost:~/tmp
OK: rsync -a ~/a localhost:~/tmp
OK: rsync -a ~/a localhost:~/tmp
#--------------------------------------------------
#--------------------------------------------------
DExists: ~/tmp: scp -r ~/a localhost:~/tmp
OK: scp -r ~/a localhost:~/tmp
OK: scp -r ~/a localhost:~/tmp
DNE   : ~/tmp : scp -r ~/a localhost:~/tmp
ERROR: scp -r ~/a localhost:~/tmp
/root/tmp
└── a1
    └── a2
        └── a3
            └── a4.txt

3 directories, 1 file
ERROR: scp -r ~/a localhost:~/tmp
/root/tmp
├── a
│   └── a1
│       └── a2
│           └── a3
│               └── a4.txt
└── a1
    └── a2
        └── a3
            └── a4.txt

7 directories, 2 files
#--------------------------------------------------
#--------------------------------------------------
DExists: ~/tmp: (mkdir -p ~/tmp;cd ~/tmp;scp -r remotehost:~/a .)
OK: (mkdir -p ~/tmp;cd ~/tmp;scp -r remotehost:~/a .)
OK: (mkdir -p ~/tmp;cd ~/tmp;scp -r remotehost:~/a .)
DNE   : ~/tmp : (mkdir -p ~/tmp;cd ~/tmp;scp -r remotehost:~/a .)
OK: (mkdir -p ~/tmp;cd ~/tmp;scp -r remotehost:~/a .)
OK: (mkdir -p ~/tmp;cd ~/tmp;scp -r remotehost:~/a .)
#--------------------------------------------------
#--------------------------------------------------
DExists: ~/tmp: rsync -a ~/a localhost:~/tmp
OK: rsync -a ~/a localhost:~/tmp
OK: rsync -a ~/a localhost:~/tmp
DNE   : ~/tmp : rsync -a ~/a localhost:~/tmp
OK: rsync -a ~/a localhost:~/tmp
OK: rsync -a ~/a localhost:~/tmp
#--------------------------------------------------
#--------------------------------------------------
DExists: ~/tmp: rsync -a ~/a localhost:~/tmp/x
ERROR: rsync -a ~/a localhost:~/tmp/x
/root/tmp
└── x
    └── a
        └── a1
            └── a2
                └── a3
                    └── a4.txt

5 directories, 1 file
ERROR: rsync -a ~/a localhost:~/tmp/x
/root/tmp
└── x
    └── a
        └── a1
            └── a2
                └── a3
                    └── a4.txt

5 directories, 1 file
DNE   : ~/tmp : rsync -a ~/a localhost:~/tmp/x
ERROR: rsync -a ~/a localhost:~/tmp/x
/root/tmp [error opening dir]

0 directories, 0 files
ERROR: rsync -a ~/a localhost:~/tmp/x
/root/tmp [error opening dir]

0 directories, 0 files
#--------------------------------------------------
#--------------------------------------------------
DExists: ~/tmp: rsync -a ~/a localhost:~/tmp/x/y
ERROR: rsync -a ~/a localhost:~/tmp/x/y
/root/tmp

0 directories, 0 files
ERROR: rsync -a ~/a localhost:~/tmp/x/y
/root/tmp

0 directories, 0 files
DNE   : ~/tmp : rsync -a ~/a localhost:~/tmp/x/y
ERROR: rsync -a ~/a localhost:~/tmp/x/y
/root/tmp [error opening dir]

0 directories, 0 files
ERROR: rsync -a ~/a localhost:~/tmp/x/y
/root/tmp [error opening dir]

0 directories, 0 files
#--------------------------------------------------
